<?xml version="1.0" encoding="UTF-8"?>
<!-- Generated by org.testng.reporters.JUnitReportReporter -->
<testsuite hostname="DLS-072138" failures="0" tests="1" name="com.example.appium.tests.SchedulerTest" time="43.484" errors="0" timestamp="2025-09-24T21:06:36 IST" skipped="0">
  <testcase classname="com.example.appium.tests.SchedulerTest" name="testAppLaunchAndCopyText" time="43.484"/>
</testsuite> <!-- com.example.appium.tests.SchedulerTest -->
